d:\university\traingle2\legacy\debug\vc141.pdb
d:\university\traingle2\legacy\debug\vc141.idb
d:\university\traingle2\legacy\debug\vertexbuffer.obj
d:\university\traingle2\legacy\debug\vertexarray.obj
d:\university\traingle2\legacy\debug\texture.obj
d:\university\traingle2\legacy\debug\stb_image.obj
d:\university\traingle2\legacy\debug\simplephysics.obj
d:\university\traingle2\legacy\debug\deltatime.obj
d:\university\traingle2\legacy\debug\shaderprogram.obj
d:\university\traingle2\legacy\debug\player.obj
d:\university\traingle2\legacy\debug\main.obj
d:\university\traingle2\legacy\debug\objectmanager.obj
d:\university\traingle2\legacy\debug\gameobject.obj
d:\university\traingle2\legacy\debug\camera.obj
d:\university\traingle2\legacy\debug\triangle.pdb
d:\university\traingle2\legacy\debug\triangle.tlog\cl.command.1.tlog
d:\university\traingle2\legacy\debug\triangle.tlog\cl.read.1.tlog
d:\university\traingle2\legacy\debug\triangle.tlog\cl.write.1.tlog
d:\university\traingle2\legacy\debug\triangle.tlog\link.10940-cvtres.read.1.tlog
d:\university\traingle2\legacy\debug\triangle.tlog\link.10940-cvtres.write.1.tlog
d:\university\traingle2\legacy\debug\triangle.tlog\link.10940-rc.read.1.tlog
d:\university\traingle2\legacy\debug\triangle.tlog\link.10940-rc.write.1.tlog
d:\university\traingle2\legacy\debug\triangle.tlog\link.10940.read.1.tlog
d:\university\traingle2\legacy\debug\triangle.tlog\link.10940.write.1.tlog
d:\university\traingle2\legacy\debug\triangle.tlog\link.command.1.tlog
d:\university\traingle2\legacy\debug\triangle.tlog\link.read.1.tlog
d:\university\traingle2\legacy\debug\triangle.tlog\link.write.1.tlog
