d:\university\traingle2\legacy\release\vc141.pdb
d:\university\traingle2\legacy\release\vertexbuffer.obj
d:\university\traingle2\legacy\release\vertexarray.obj
d:\university\traingle2\legacy\release\texture.obj
d:\university\traingle2\legacy\release\stb_image.obj
d:\university\traingle2\legacy\release\simplephysics.obj
d:\university\traingle2\legacy\release\deltatime.obj
d:\university\traingle2\legacy\release\shaderprogram.obj
d:\university\traingle2\legacy\release\player.obj
d:\university\traingle2\legacy\release\main.obj
d:\university\traingle2\legacy\release\objectmanager.obj
d:\university\traingle2\legacy\release\gameobject.obj
d:\university\traingle2\legacy\release\camera.obj
d:\university\traingle2\legacy\release\triangle.exe
d:\university\traingle2\legacy\release\triangle.pdb
d:\university\traingle2\legacy\release\triangle.ipdb
d:\university\traingle2\legacy\release\triangle.iobj
d:\university\traingle2\legacy\release\triangle.tlog\cl.command.1.tlog
d:\university\traingle2\legacy\release\triangle.tlog\cl.read.1.tlog
d:\university\traingle2\legacy\release\triangle.tlog\cl.write.1.tlog
d:\university\traingle2\legacy\release\triangle.tlog\link.command.1.tlog
d:\university\traingle2\legacy\release\triangle.tlog\link.read.1.tlog
d:\university\traingle2\legacy\release\triangle.tlog\link.write.1.tlog
d:\university\traingle2\legacy\release\triangle.tlog\triangle.write.1u.tlog
